Arguments: 
  /usr/local/Cellar/node/16.4.2/bin/node /usr/local/bin/yarn install

PATH: 
  /opt/anaconda3/bin:/opt/anaconda3/condabin:/Library/Frameworks/Python.framework/Versions/3.7/bin:/Library/Frameworks/Python.framework/Versions/3.8/bin:/usr/local/bin:/usr/bin:/bin:/usr/sbin:/sbin:/usr/local/go/bin:/usr/local/share/dotnet:~/.dotnet/tools:/Library/Apple/usr/bin:/Library/Frameworks/Mono.framework/Versions/Current/Commands

Yarn version: 
  1.22.10

Node version: 
  16.4.2

Platform: 
  darwin x64

Trace: 
  SyntaxError: /Users/warrenmason/Downloads/Final Versions/Polygon/Polygon-Moonwalkerswap-sdk/package.json: Unexpected string in JSON at position 441
      at JSON.parse (<anonymous>)
      at /usr/local/lib/node_modules/yarn/lib/cli.js:1625:59
      at Generator.next (<anonymous>)
      at step (/usr/local/lib/node_modules/yarn/lib/cli.js:310:30)
      at /usr/local/lib/node_modules/yarn/lib/cli.js:321:13

npm manifest: 
  {
    "name": "polygon-moonwalkerswap-sdk",
    "license": "MIT",
    "version": "1.0.0",
    "description": "🛠 An SDK for building applications on top of polygon-moonwalkerswap.",
    "main": "dist/index.js",
    "typings": "dist/index.d.ts",
    "files": [
      "dist"
    ],
    "repository": {
      "type": "git",
      "url": "git+https://github.com/MoonWalkerJim/Polygon-Moonwalkerswap-SDK.git"
    },
    "keywords": [
      "moonwalkerswap",
      "polygon"
      "matic"
    ],
    "module": "dist/sdk.esm.js",
    "scripts": {
      "lint": "tsdx lint src test",
      "lint:fix": "tsdx lint src test --fix",
      "build": "tsdx build",
      "start": "tsdx watch",
      "test": "tsdx test",
      "prepublishOnly": "tsdx build"
    },
    "dependencies": {
      "big.js": "^6.1.1",
      "decimal.js-light": "^2.5.1",
      "jsbi": "^3.2.1",
      "moonwalkerswap-libs-core": "^1.0.2",
      "tiny-invariant": "^1.1.0",
      "tiny-warning": "^1.0.3",
      "toformat": "^2.0.0"
    },
    "peerDependencies": {
      "@ethersproject/address": "^5.4.0",
      "@ethersproject/contracts": "^5.4.1",
      "@ethersproject/networks": "^5.4.2",
      "@ethersproject/providers": "^5.4.4",
      "@ethersproject/solidity": "^5.4.0"
    },
    "devDependencies": {
      "@ethersproject/address": "^5.4.0",
      "@ethersproject/contracts": "^5.4.1",
      "@ethersproject/networks": "^5.4.2",
      "@ethersproject/providers": "^5.4.4",
      "@ethersproject/solidity": "^5.4.0",
      "@types/big.js": "^6.1.1",
      "@types/jest": "^27.0.1",
      "babel-plugin-transform-jsbi-to-bigint": "^1.4.0",
      "tsdx": "^0.14.1"
    },
    "engines": {
      "node": ">=10"
    },
    "prettier": {
      "printWidth": 120,
      "semi": false,
      "singleQuote": true
    },
    "bugs": {
      "url": "https://github.com/MoonWalkerJim/Polygon-Moonwalkerswap-SDK/issues"
    },
    "homepage": "https://github.com/MoonWalkerJim/Polygon-Moonwalkerswap-SDK/#/readme",
    "directories": {
      "test": "test"
    },
    "author": "moonwalkerjim"
  }

yarn manifest: 
  No manifest

Lockfile: 
  No lockfile
